<?xml version="1.0" encoding="UTF-8"?>
<!-- Generated by org.testng.reporters.JUnitReportReporter -->
<testsuite hostname="LAPTOP-BTAPKMFO" failures="0" tests="1" name="JIRA.OrangeHRM.Immigration" time="16.777" errors="0" timestamp="2024-02-29T18:09:59 IST" skipped="0">
  <testcase classname="JIRA.OrangeHRM.Immigration" name="invokechrome" time="16.777"/>
  <system-out/>
</testsuite> <!-- JIRA.OrangeHRM.Immigration -->
