<?xml version="1.0" encoding="UTF-8"?>
<!-- Generated by org.testng.reporters.JUnitReportReporter -->
<testsuite hostname="LAPTOP-BTAPKMFO" failures="0" tests="1" name="JIRA.OrangeHRM.AppTest" time="0.022" errors="0" timestamp="2024-02-29T12:29:58 IST" skipped="0">
  <testcase classname="JIRA.OrangeHRM.AppTest" name="shouldAnswerWithTrue" time="0.022"/>
  <system-out/>
</testsuite> <!-- JIRA.OrangeHRM.AppTest -->
