<?xml version="1.0" encoding="UTF-8"?>
<!-- Generated by org.testng.reporters.JUnitReportReporter -->
<testsuite hostname="LAPTOP-BTAPKMFO" failures="0" tests="1" name="JIRA.OrangeHRM.LoginTest" time="17.589" errors="0" timestamp="2024-02-29T16:38:54 IST" skipped="0">
  <testcase classname="JIRA.OrangeHRM.LoginTest" name="invokechrome" time="17.589"/>
  <system-out/>
</testsuite> <!-- JIRA.OrangeHRM.LoginTest -->
