<?xml version="1.0" encoding="UTF-8"?>
<!-- Generated by org.testng.reporters.JUnitReportReporter -->
<testsuite hostname="LAPTOP-BTAPKMFO" failures="0" tests="1" name="JIRA.OrangeHRM.Job" time="14.270" errors="0" timestamp="2024-02-29T18:58:29 IST" skipped="0">
  <testcase classname="JIRA.OrangeHRM.Job" name="invokechrome" time="14.270"/>
  <system-out/>
</testsuite> <!-- JIRA.OrangeHRM.Job -->
