<?xml version="1.0" encoding="UTF-8"?>
<!-- Generated by org.testng.reporters.JUnitReportReporter -->
<testsuite hostname="LAPTOP-BTAPKMFO" failures="0" tests="1" name="JIRA.OrangeHRM.AddAttachment" time="13.022" errors="0" timestamp="2024-02-29T18:52:55 IST" skipped="0">
  <testcase classname="JIRA.OrangeHRM.AddAttachment" name="invokechrome" time="13.022"/>
  <system-out/>
</testsuite> <!-- JIRA.OrangeHRM.AddAttachment -->
