<?xml version="1.0" encoding="UTF-8"?>
<!-- Generated by org.testng.reporters.JUnitReportReporter -->
<testsuite hostname="LAPTOP-BTAPKMFO" failures="0" tests="1" name="JIRA.OrangeHRM.LoginTest" time="23.747" errors="0" timestamp="2024-02-29T14:27:47 IST" skipped="0">
  <testcase classname="JIRA.OrangeHRM.LoginTest" name="invokechrome" time="23.747"/>
  <system-out/>
</testsuite> <!-- JIRA.OrangeHRM.LoginTest -->
